<?xml version="1.0" encoding="UTF-8"?>
<!-- Generated by org.testng.reporters.JUnitReportReporter -->
<testsuite hostname="THSLT10133" failures="0" tests="4" name="Com.crm.qa.test.CalenderPageTest" time="92.423" errors="0" timestamp="2020-07-29T15:48:04 IST" skipped="0">
  <testcase classname="Com.crm.qa.test.CalenderPageTest" name="CalenderPageLabel" time="17.248"/>
  <system-out/>
  <testcase classname="Com.crm.qa.test.CalenderPageTest" name="SelectHeaderLabel" time="25.401"/>
  <system-out/>
  <testcase classname="Com.crm.qa.test.CalenderPageTest" name="SelectHeaderLabel" time="23.673"/>
  <system-out/>
  <testcase classname="Com.crm.qa.test.CalenderPageTest" name="SelectHeaderLabel" time="26.101"/>
  <system-out/>
</testsuite> <!-- Com.crm.qa.test.CalenderPageTest -->
