<?xml version="1.0" encoding="UTF-8"?>
<!-- Generated by org.testng.reporters.JUnitReportReporter -->
<testsuite hostname="THSLT10133" failures="0" tests="3" name="Com.crm.qa.test.HomePageTest" time="60.756" errors="0" timestamp="2020-07-29T11:48:55 IST" skipped="0">
  <testcase classname="Com.crm.qa.test.HomePageTest" name="verifyHomePageTitleTest" time="17.108"/>
  <system-out/>
  <testcase classname="Com.crm.qa.test.HomePageTest" name="verifyUserNameTest" time="26.495"/>
  <system-out/>
  <testcase classname="Com.crm.qa.test.HomePageTest" name="verifyCalenderTabTest" time="17.153"/>
  <system-out/>
</testsuite> <!-- Com.crm.qa.test.HomePageTest -->
