<?xml version="1.0" encoding="UTF-8"?>
<!-- Generated by org.testng.reporters.JUnitReportReporter -->
<testsuite hostname="THSLT10133" failures="0" tests="3" name="Com.crm.qa.test.LoginPageTest" time="38.059" errors="0" timestamp="2020-07-29T11:48:55 IST" skipped="0">
  <testcase classname="Com.crm.qa.test.LoginPageTest" name="LoginPageTitleTest" time="10.375"/>
  <system-out/>
  <testcase classname="Com.crm.qa.test.LoginPageTest" name="crmlogoimageTest" time="12.338"/>
  <system-out/>
  <testcase classname="Com.crm.qa.test.LoginPageTest" name="loginTest" time="15.346"/>
  <system-out/>
</testsuite> <!-- Com.crm.qa.test.LoginPageTest -->
